Base path: 'C:/Program Files/Unity/Hub/Editor/2019.3.13f1/Editor/Data', plugins path 'C:/Program Files/Unity/Hub/Editor/2019.3.13f1/Editor/Data/PlaybackEngines'
Cmd: initializeCompiler
Cmd: compileComputeKernel
  api=4 insize=12081 outsize=1499 ok=1
Cmd: compileComputeKernel
  api=4 insize=12081 outsize=1848 ok=1
Cmd: compileComputeKernel
  api=4 insize=12081 outsize=1971 ok=1
Cmd: compileComputeKernel
  api=4 insize=12081 outsize=1579 ok=1
Cmd: compileComputeKernel
  api=4 insize=12081 outsize=2631 ok=1
Cmd: compileComputeKernel
  api=4 insize=12081 outsize=1364 ok=1
Cmd: compileComputeKernel
  api=4 insize=12081 outsize=1364 ok=1
Cmd: compileComputeKernel
  api=4 insize=12124 outsize=1823 ok=1
Cmd: compileComputeKernel
  api=4 insize=12124 outsize=1819 ok=1
Cmd: compileComputeKernel
  api=4 insize=12124 outsize=2259 ok=1
Cmd: compileComputeKernel
  api=4 insize=12124 outsize=1819 ok=1
Cmd: compileComputeKernel
  api=4 insize=12124 outsize=1856 ok=1
Cmd: compileComputeKernel
  api=4 insize=12124 outsize=1848 ok=1
Cmd: compileComputeKernel
  api=4 insize=12124 outsize=1997 ok=1
Cmd: compileComputeKernel
  api=4 insize=12124 outsize=1998 ok=1
Cmd: compileComputeKernel
  api=4 insize=19771 outsize=2045 ok=1
Cmd: compileComputeKernel
  api=4 insize=19771 outsize=3171 ok=1
Cmd: compileComputeKernel
  api=4 insize=19771 outsize=3039 ok=1
Cmd: compileComputeKernel
  api=4 insize=19771 outsize=5385 ok=1
Cmd: compileComputeKernel
  api=4 insize=59196 outsize=2850 ok=1
Cmd: compileComputeKernel
  api=4 insize=59196 outsize=2640 ok=1
Cmd: compileComputeKernel
  api=4 insize=59196 outsize=2944 ok=1
Cmd: compileComputeKernel
  api=4 insize=59196 outsize=1579 ok=1
Cmd: compileComputeKernel
  api=4 insize=59196 outsize=2631 ok=1
Cmd: compileComputeKernel
  api=4 insize=59196 outsize=1689 ok=1
Cmd: compileComputeKernel
  api=4 insize=59196 outsize=2041 ok=1
Cmd: compileComputeKernel
  api=4 insize=59196 outsize=1335 ok=1
Cmd: compileComputeKernel
  api=4 insize=59196 outsize=1667 ok=1
Cmd: compileComputeKernel
  api=4 insize=59196 outsize=3335 ok=1
Cmd: compileComputeKernel
  api=4 insize=59196 outsize=1287 ok=1
Cmd: compileComputeKernel
  api=4 insize=59196 outsize=1369 ok=1
Cmd: compileComputeKernel
  api=4 insize=59196 outsize=1682 ok=1
Cmd: compileComputeKernel
  api=4 insize=59196 outsize=1383 ok=1
Cmd: compileComputeKernel
  api=4 insize=59196 outsize=1465 ok=1
Cmd: compileComputeKernel
  api=4 insize=59196 outsize=1861 ok=1
Cmd: compileComputeKernel
  api=4 insize=59196 outsize=1311 ok=1
Cmd: compileComputeKernel
  api=4 insize=59196 outsize=1311 ok=1
Cmd: compileComputeKernel
  api=4 insize=59196 outsize=1777 ok=1
Cmd: compileComputeKernel
  api=4 insize=59196 outsize=1364 ok=1
Cmd: compileComputeKernel
  api=4 insize=59196 outsize=1823 ok=1
Cmd: compileComputeKernel
  api=4 insize=59196 outsize=1819 ok=1
Cmd: compileComputeKernel
  api=4 insize=59196 outsize=1819 ok=1
Cmd: compileComputeKernel
  api=4 insize=59196 outsize=1974 ok=1
Cmd: compileComputeKernel
  api=4 insize=59196 outsize=1848 ok=1
Cmd: compileComputeKernel
  api=4 insize=59196 outsize=1849 ok=1
Cmd: compileComputeKernel
  api=4 insize=59196 outsize=1998 ok=1
Cmd: compileComputeKernel
  api=4 insize=59196 outsize=1326 ok=1
Cmd: compileComputeKernel
  api=4 insize=59196 outsize=1301 ok=1
Cmd: compileComputeKernel
  api=4 insize=59196 outsize=1341 ok=1
Cmd: compileComputeKernel
  api=4 insize=59196 outsize=2026 ok=1
Cmd: compileComputeKernel
  api=4 insize=59196 outsize=3544 ok=1
Cmd: compileComputeKernel
  api=4 insize=59196 outsize=1590 ok=1
Cmd: compileComputeKernel
  api=4 insize=59196 outsize=1680 ok=1
Cmd: compileComputeKernel
  api=4 insize=59196 outsize=2421 ok=1
Cmd: compileComputeKernel
  api=4 insize=73605 outsize=12637 ok=1
Cmd: compileComputeKernel
  api=4 insize=73605 outsize=7893 ok=1
Cmd: compileComputeKernel
  api=4 insize=33531 outsize=677 ok=1
Cmd: compileComputeKernel
  api=4 insize=33531 outsize=775 ok=1
Cmd: compileComputeKernel
  api=4 insize=33531 outsize=695 ok=1
Cmd: compileComputeKernel
  api=4 insize=33531 outsize=1032 ok=1
Cmd: compileComputeKernel
  api=4 insize=33531 outsize=759 ok=1
Cmd: compileComputeKernel
  api=4 insize=33531 outsize=868 ok=1
Cmd: compileComputeKernel
  api=4 insize=33531 outsize=749 ok=1
Cmd: compileComputeKernel
  api=4 insize=33531 outsize=796 ok=1
Cmd: compileComputeKernel
  api=4 insize=33531 outsize=796 ok=1
Cmd: compileComputeKernel
  api=4 insize=33531 outsize=831 ok=1
Cmd: compileComputeKernel
  api=4 insize=33531 outsize=811 ok=1
Cmd: compileComputeKernel
  api=4 insize=33531 outsize=1292 ok=1
Cmd: compileComputeKernel
  api=4 insize=33531 outsize=1321 ok=1
Cmd: compileComputeKernel
  api=4 insize=33531 outsize=1072 ok=1
Cmd: compileComputeKernel
  api=4 insize=33531 outsize=1547 ok=1
Cmd: compileComputeKernel
  api=4 insize=33531 outsize=1497 ok=1
Cmd: compileComputeKernel
  api=4 insize=33531 outsize=1346 ok=1
Cmd: compileComputeKernel
  api=4 insize=33531 outsize=1360 ok=1
Cmd: compileComputeKernel
  api=4 insize=33531 outsize=1465 ok=1
Cmd: compileComputeKernel
  api=4 insize=33531 outsize=1336 ok=1
Cmd: compileComputeKernel
  api=4 insize=33531 outsize=1311 ok=1
Cmd: compileComputeKernel
  api=4 insize=33531 outsize=1288 ok=1
Cmd: compileComputeKernel
  api=4 insize=33531 outsize=1284 ok=1
Cmd: compileComputeKernel
  api=4 insize=33531 outsize=1369 ok=1
Cmd: compileComputeKernel
  api=4 insize=33531 outsize=1618 ok=1
Cmd: compileComputeKernel
  api=4 insize=33531 outsize=1324 ok=1
Cmd: compileComputeKernel
  api=4 insize=75191 outsize=6812 ok=1
Cmd: compileComputeKernel
  api=4 insize=75191 outsize=11353 ok=1
Cmd: compileComputeKernel
  api=4 insize=75191 outsize=26462 ok=1
Cmd: compileComputeKernel
  api=4 insize=75191 outsize=23646 ok=1
Cmd: compileComputeKernel
  api=4 insize=75191 outsize=1961 ok=1
Cmd: compileComputeKernel
  api=4 insize=75191 outsize=12876 ok=1
Cmd: compileComputeKernel
  api=4 insize=4434 outsize=1449 ok=1
Cmd: compileComputeKernel
  api=4 insize=4434 outsize=1684 ok=1
Cmd: compileSnippet
  api=4 type=0 insize=16577 outsize=5358 kw=_SUNDISK_NONE pd=UNITY_ENABLE_REFLECTION_BUFFERS UNITY_USE_DITHER_MASK_FOR_ALPHABLENDED_SHADOWS UNITY_PBS_USE_BRDF1 UNITY_SPECCUBE_BOX_PROJECTION UNITY_SPECCUBE_BLENDING UNITY_ENABLE_DETAIL_NORMALMAP SHADER_API_DESKTOP UNITY_LIGHT_PROBE_PROXY_VOLUME UNITY_LIGHTMAP_RGBM_ENCODING ok=1
Cmd: compileSnippet
  api=4 type=0 insize=16577 outsize=5642 kw=_SUNDISK_SIMPLE pd=UNITY_ENABLE_REFLECTION_BUFFERS UNITY_USE_DITHER_MASK_FOR_ALPHABLENDED_SHADOWS UNITY_PBS_USE_BRDF1 UNITY_SPECCUBE_BOX_PROJECTION UNITY_SPECCUBE_BLENDING UNITY_ENABLE_DETAIL_NORMALMAP SHADER_API_DESKTOP UNITY_LIGHT_PROBE_PROXY_VOLUME UNITY_LIGHTMAP_RGBM_ENCODING ok=1
Cmd: compileSnippet
  api=4 type=1 insize=2295 outsize=446 kw= pd=UNITY_ENABLE_REFLECTION_BUFFERS UNITY_USE_DITHER_MASK_FOR_ALPHABLENDED_SHADOWS UNITY_PBS_USE_BRDF1 UNITY_SPECCUBE_BOX_PROJECTION UNITY_SPECCUBE_BLENDING UNITY_ENABLE_DETAIL_NORMALMAP SHADER_API_DESKTOP UNITY_LIGHT_PROBE_PROXY_VOLUME UNITY_LIGHTMAP_RGBM_ENCODING ok=1
Cmd: compileSnippet
  api=4 type=0 insize=2364 outsize=1762 kw=_MAIN_LIGHT_SHADOWS _MAIN_LIGHT_SHADOWS_CASCADE _SHADOWS_SOFT pd=UNITY_ENABLE_REFLECTION_BUFFERS UNITY_USE_DITHER_MASK_FOR_ALPHABLENDED_SHADOWS UNITY_PBS_USE_BRDF1 UNITY_SPECCUBE_BOX_PROJECTION UNITY_SPECCUBE_BLENDING UNITY_ENABLE_DETAIL_NORMALMAP SHADER_API_DESKTOP UNITY_LIGHT_PROBE_PROXY_VOLUME UNITY_LIGHTMAP_RGBM_ENCODING ok=1
