Base path: 'C:/Program Files/Unity/Hub/Editor/2019.3.13f1/Editor/Data', plugins path 'C:/Program Files/Unity/Hub/Editor/2019.3.13f1/Editor/Data/PlaybackEngines'
Cmd: initializeCompiler
Cmd: compileComputeKernel
  api=4 insize=12081 outsize=1558 ok=1
Cmd: compileComputeKernel
  api=4 insize=12124 outsize=1819 ok=1
Cmd: compileComputeKernel
  api=4 insize=12124 outsize=1819 ok=1
Cmd: compileComputeKernel
  api=4 insize=12124 outsize=2259 ok=1
Cmd: compileComputeKernel
  api=4 insize=12124 outsize=1819 ok=1
Cmd: compileComputeKernel
  api=4 insize=12124 outsize=1851 ok=1
Cmd: compileComputeKernel
  api=4 insize=12124 outsize=1848 ok=1
Cmd: compileComputeKernel
  api=4 insize=12124 outsize=1849 ok=1
Cmd: compileComputeKernel
  api=4 insize=12124 outsize=1998 ok=1
Cmd: compileComputeKernel
  api=4 insize=19771 outsize=2037 ok=1
Cmd: compileComputeKernel
  api=4 insize=19771 outsize=2963 ok=1
Cmd: compileComputeKernel
  api=4 insize=19771 outsize=3156 ok=1
Cmd: compileComputeKernel
  api=4 insize=19771 outsize=5077 ok=1
Cmd: compileComputeKernel
  api=4 insize=59196 outsize=2922 ok=1
Cmd: compileComputeKernel
  api=4 insize=59196 outsize=2640 ok=1
Cmd: compileComputeKernel
  api=4 insize=59196 outsize=2944 ok=1
Cmd: compileComputeKernel
  api=4 insize=59196 outsize=1579 ok=1
Cmd: compileComputeKernel
  api=4 insize=59196 outsize=2479 ok=1
Cmd: compileComputeKernel
  api=4 insize=59196 outsize=1689 ok=1
Cmd: compileComputeKernel
  api=4 insize=59196 outsize=2029 ok=1
Cmd: compileComputeKernel
  api=4 insize=59196 outsize=1431 ok=1
Cmd: compileComputeKernel
  api=4 insize=59196 outsize=1647 ok=1
Cmd: compileComputeKernel
  api=4 insize=59196 outsize=1610 ok=1
Cmd: compileComputeKernel
  api=4 insize=59196 outsize=1324 ok=1
Cmd: compileComputeKernel
  api=4 insize=59196 outsize=1310 ok=1
Cmd: compileComputeKernel
  api=4 insize=59196 outsize=1631 ok=1
Cmd: compileComputeKernel
  api=4 insize=59196 outsize=1520 ok=1
Cmd: compileComputeKernel
  api=4 insize=59196 outsize=1321 ok=1
Cmd: compileComputeKernel
  api=4 insize=59196 outsize=1359 ok=1
Cmd: compileComputeKernel
  api=4 insize=59196 outsize=1547 ok=1
Cmd: compileComputeKernel
  api=4 insize=59196 outsize=1311 ok=1
Cmd: compileComputeKernel
  api=4 insize=59196 outsize=1777 ok=1
Cmd: compileComputeKernel
  api=4 insize=59196 outsize=1819 ok=1
Cmd: compileComputeKernel
  api=4 insize=59196 outsize=1819 ok=1
Cmd: compileComputeKernel
  api=4 insize=59196 outsize=2259 ok=1
Cmd: compileComputeKernel
  api=4 insize=59196 outsize=1819 ok=1
Cmd: compileComputeKernel
  api=4 insize=59196 outsize=1851 ok=1
Cmd: compileComputeKernel
  api=4 insize=59196 outsize=1856 ok=1
Cmd: compileComputeKernel
  api=4 insize=59196 outsize=1853 ok=1
Cmd: compileComputeKernel
  api=4 insize=59196 outsize=1997 ok=1
Cmd: compileComputeKernel
  api=4 insize=59196 outsize=1998 ok=1
Cmd: compileComputeKernel
  api=4 insize=59196 outsize=1341 ok=1
Cmd: compileComputeKernel
  api=4 insize=59196 outsize=1394 ok=1
Cmd: compileComputeKernel
  api=4 insize=59196 outsize=1302 ok=1
Cmd: compileComputeKernel
  api=4 insize=59196 outsize=3004 ok=1
Cmd: compileComputeKernel
  api=4 insize=59196 outsize=1590 ok=1
Cmd: compileComputeKernel
  api=4 insize=59196 outsize=1680 ok=1
Cmd: compileComputeKernel
  api=4 insize=59196 outsize=1427 ok=1
Cmd: compileComputeKernel
  api=4 insize=73605 outsize=12637 ok=1
Cmd: compileComputeKernel
  api=4 insize=73605 outsize=7893 ok=1
Cmd: compileComputeKernel
  api=4 insize=33531 outsize=680 ok=1
Cmd: compileComputeKernel
  api=4 insize=33531 outsize=682 ok=1
Cmd: compileComputeKernel
  api=4 insize=33531 outsize=711 ok=1
Cmd: compileComputeKernel
  api=4 insize=33531 outsize=1069 ok=1
Cmd: compileComputeKernel
  api=4 insize=33531 outsize=1005 ok=1
Cmd: compileComputeKernel
  api=4 insize=33531 outsize=854 ok=1
Cmd: compileComputeKernel
  api=4 insize=33531 outsize=1023 ok=1
Cmd: compileComputeKernel
  api=4 insize=33531 outsize=844 ok=1
Cmd: compileComputeKernel
  api=4 insize=33531 outsize=677 ok=1
Cmd: compileComputeKernel
  api=4 insize=33531 outsize=674 ok=1
Cmd: compileComputeKernel
  api=4 insize=33531 outsize=854 ok=1
Cmd: compileComputeKernel
  api=4 insize=33531 outsize=777 ok=1
Cmd: compileComputeKernel
  api=4 insize=33531 outsize=1269 ok=1
Cmd: compileComputeKernel
  api=4 insize=33531 outsize=1298 ok=1
Cmd: compileComputeKernel
  api=4 insize=33531 outsize=1861 ok=1
Cmd: compileComputeKernel
  api=4 insize=33531 outsize=1484 ok=1
Cmd: compileComputeKernel
  api=4 insize=33531 outsize=1369 ok=1
Cmd: compileComputeKernel
  api=4 insize=33531 outsize=1383 ok=1
Cmd: compileComputeKernel
  api=4 insize=33531 outsize=1465 ok=1
Cmd: compileComputeKernel
  api=4 insize=33531 outsize=1359 ok=1
Cmd: compileComputeKernel
  api=4 insize=33531 outsize=1311 ok=1
Cmd: compileComputeKernel
  api=4 insize=33531 outsize=1311 ok=1
Cmd: compileComputeKernel
  api=4 insize=33531 outsize=1284 ok=1
Cmd: compileComputeKernel
  api=4 insize=33531 outsize=1306 ok=1
Cmd: compileComputeKernel
  api=4 insize=33531 outsize=1618 ok=1
Cmd: compileComputeKernel
  api=4 insize=33531 outsize=1364 ok=1
Cmd: compileComputeKernel
  api=4 insize=75191 outsize=6364 ok=1
Cmd: compileComputeKernel
  api=4 insize=75191 outsize=26077 ok=1
Cmd: compileComputeKernel
  api=4 insize=75191 outsize=32238 ok=1
Cmd: compileComputeKernel
  api=4 insize=75191 outsize=4420 ok=1
Cmd: compileComputeKernel
  api=4 insize=75191 outsize=4420 ok=1
Cmd: compileComputeKernel
  api=4 insize=75191 outsize=3084 ok=1
Cmd: compileComputeKernel
  api=4 insize=75191 outsize=3084 ok=1
Cmd: compileComputeKernel
  api=4 insize=75191 outsize=3725 ok=1
Cmd: compileComputeKernel
  api=4 insize=75191 outsize=3725 ok=1
Cmd: compileComputeKernel
  api=4 insize=75191 outsize=1572 ok=1
Cmd: compileComputeKernel
  api=4 insize=75191 outsize=2025 ok=1
Cmd: compileComputeKernel
  api=4 insize=75191 outsize=5359 ok=1
Cmd: compileComputeKernel
  api=4 insize=75191 outsize=12236 ok=1
Cmd: compileComputeKernel
  api=4 insize=4434 outsize=1590 ok=1
Cmd: compileComputeKernel
  api=4 insize=4434 outsize=1750 ok=1
Cmd: compileComputeKernel
  api=4 insize=1898 outsize=3122 ok=1
Cmd: compileSnippet
  api=4 type=1 insize=16577 outsize=882 kw=_SUNDISK_SIMPLE pd=UNITY_ENABLE_REFLECTION_BUFFERS UNITY_USE_DITHER_MASK_FOR_ALPHABLENDED_SHADOWS UNITY_PBS_USE_BRDF1 UNITY_SPECCUBE_BOX_PROJECTION UNITY_SPECCUBE_BLENDING UNITY_ENABLE_DETAIL_NORMALMAP SHADER_API_DESKTOP UNITY_LIGHT_PROBE_PROXY_VOLUME UNITY_LIGHTMAP_RGBM_ENCODING ok=1
Cmd: compileSnippet
  api=4 type=1 insize=2364 outsize=5798 kw=_MAIN_LIGHT_SHADOWS _MAIN_LIGHT_SHADOWS_CASCADE _SHADOWS_SOFT pd=UNITY_ENABLE_REFLECTION_BUFFERS UNITY_USE_DITHER_MASK_FOR_ALPHABLENDED_SHADOWS UNITY_PBS_USE_BRDF1 UNITY_SPECCUBE_BOX_PROJECTION UNITY_SPECCUBE_BLENDING UNITY_ENABLE_DETAIL_NORMALMAP SHADER_API_DESKTOP UNITY_LIGHT_PROBE_PROXY_VOLUME UNITY_LIGHTMAP_RGBM_ENCODING ok=1
Cmd: compileSnippet
  api=4 type=0 insize=2364 outsize=1762 kw=_EMISSION _MAIN_LIGHT_SHADOWS _MAIN_LIGHT_SHADOWS_CASCADE _SHADOWS_SOFT pd=UNITY_ENABLE_REFLECTION_BUFFERS UNITY_USE_DITHER_MASK_FOR_ALPHABLENDED_SHADOWS UNITY_PBS_USE_BRDF1 UNITY_SPECCUBE_BOX_PROJECTION UNITY_SPECCUBE_BLENDING UNITY_ENABLE_DETAIL_NORMALMAP SHADER_API_DESKTOP UNITY_LIGHT_PROBE_PROXY_VOLUME UNITY_LIGHTMAP_RGBM_ENCODING ok=1
